<?xml version="1.0" encoding="UTF-8"?>
<testsuite name="EchoTest" tests="1" skipped="0" failures="0" errors="0" timestamp="2022-09-28T16:57:31" hostname="LAPTOP-7NCK0TSD" time="4.54">
  <properties/>
  <testcase name="shouldReturnPostQuery()" classname="EchoTest" time="4.54"/>
  <system-out><![CDATA[]]></system-out>
  <system-err><![CDATA[]]></system-err>
</testsuite>
